{"D:\\Anders\\PDF\\Random Uni PDF und etc\\Projekt\\husky\\backend\\src\\index.ts": {"path":"D:\\Anders\\PDF\\Random Uni PDF und etc\\Projekt\\husky\\backend\\src\\index.ts","statementMap":{"0":{"start":{"line":1,"column":0},"end":{"line":1,"column":30}},"1":{"start":{"line":2,"column":0},"end":{"line":2,"column":58}},"2":{"start":{"line":4,"column":12},"end":{"line":4,"column":21}},"3":{"start":{"line":7,"column":0},"end":{"line":7,"column":10}}},"fnMap":{},"branchMap":{},"s":{"0":0,"1":0,"2":0,"3":0},"f":{},"b":{}}
,"D:\\Anders\\PDF\\Random Uni PDF und etc\\Projekt\\husky\\backend\\src\\database\\database.ts": {"path":"D:\\Anders\\PDF\\Random Uni PDF und etc\\Projekt\\husky\\backend\\src\\database\\database.ts","statementMap":{"0":{"start":{"line":1,"column":0},"end":{"line":1,"column":58}},"1":{"start":{"line":3,"column":15},"end":{"line":3,"column":34}},"2":{"start":{"line":5,"column":33},"end":{"line":5,"column":60}},"3":{"start":{"line":9,"column":4},"end":{"line":12,"column":2}},"4":{"start":{"line":17,"column":4},"end":{"line":19,"column":null}},"5":{"start":{"line":18,"column":8},"end":{"line":18,"column":76}},"6":{"start":{"line":21,"column":4},"end":{"line":21,"column":56}},"7":{"start":{"line":22,"column":4},"end":{"line":22,"column":43}},"8":{"start":{"line":23,"column":4},"end":{"line":23,"column":94}},"9":{"start":{"line":25,"column":4},"end":{"line":35,"column":7}},"10":{"start":{"line":26,"column":8},"end":{"line":26,"column":78}},"11":{"start":{"line":27,"column":8},"end":{"line":34,"column":11}},"12":{"start":{"line":27,"column":69},"end":{"line":34,"column":10}},"13":{"start":{"line":28,"column":12},"end":{"line":30,"column":null}},"14":{"start":{"line":29,"column":16},"end":{"line":29,"column":23}},"15":{"start":{"line":31,"column":12},"end":{"line":33,"column":null}},"16":{"start":{"line":16,"column":0},"end":{"line":16,"column":16}},"17":{"start":{"line":39,"column":4},"end":{"line":41,"column":null}},"18":{"start":{"line":40,"column":8},"end":{"line":40,"column":35}},"19":{"start":{"line":38,"column":0},"end":{"line":38,"column":16}}},"fnMap":{"0":{"name":"connect","decl":{"start":{"line":16,"column":16},"end":{"line":16,"column":23}},"loc":{"start":{"line":16,"column":23},"end":{"line":36,"column":1}}},"1":{"name":"(anonymous_8)","decl":{"start":{"line":25,"column":36},"end":{"line":25,"column":null}},"loc":{"start":{"line":25,"column":36},"end":{"line":35,"column":6}}},"2":{"name":"(anonymous_10)","decl":{"start":{"line":27,"column":49},"end":{"line":27,"column":56}},"loc":{"start":{"line":27,"column":69},"end":{"line":34,"column":10}}},"3":{"name":"(anonymous_11)","decl":{"start":{"line":27,"column":69},"end":{"line":27,"column":null}},"loc":{"start":{"line":27,"column":69},"end":{"line":34,"column":9}}},"4":{"name":"disconnect","decl":{"start":{"line":38,"column":16},"end":{"line":38,"column":26}},"loc":{"start":{"line":38,"column":26},"end":{"line":42,"column":1}}}},"branchMap":{"0":{"loc":{"start":{"line":17,"column":4},"end":{"line":19,"column":null}},"type":"if","locations":[{"start":{"line":17,"column":4},"end":{"line":19,"column":null}}]},"1":{"loc":{"start":{"line":28,"column":12},"end":{"line":30,"column":null}},"type":"if","locations":[{"start":{"line":28,"column":12},"end":{"line":30,"column":null}}]},"2":{"loc":{"start":{"line":39,"column":4},"end":{"line":41,"column":null}},"type":"if","locations":[{"start":{"line":39,"column":4},"end":{"line":41,"column":null}}]}},"s":{"0":0,"1":0,"2":0,"3":0,"4":0,"5":0,"6":0,"7":0,"8":0,"9":0,"10":0,"11":0,"12":0,"13":0,"14":0,"15":0,"16":0,"17":0,"18":0,"19":0},"f":{"0":0,"1":0,"2":0,"3":0,"4":0},"b":{"0":[0],"1":[0],"2":[0]}}
,"D:\\Anders\\PDF\\Random Uni PDF und etc\\Projekt\\husky\\backend\\src\\endpoints\\authentication\\AuthenticationService.ts": {"path":"D:\\Anders\\PDF\\Random Uni PDF und etc\\Projekt\\husky\\backend\\src\\endpoints\\authentication\\AuthenticationService.ts","statementMap":{"0":{"start":{"line":1,"column":0},"end":{"line":1,"column":40}},"1":{"start":{"line":8,"column":4},"end":{"line":10,"column":null}},"2":{"start":{"line":9,"column":8},"end":{"line":9,"column":null}},"3":{"start":{"line":11,"column":4},"end":{"line":13,"column":null}},"4":{"start":{"line":12,"column":8},"end":{"line":12,"column":null}},"5":{"start":{"line":14,"column":17},"end":{"line":14,"column":74}},"6":{"start":{"line":16,"column":4},"end":{"line":18,"column":null}},"7":{"start":{"line":17,"column":8},"end":{"line":17,"column":null}},"8":{"start":{"line":20,"column":4},"end":{"line":22,"column":null}},"9":{"start":{"line":21,"column":8},"end":{"line":21,"column":null}},"10":{"start":{"line":23,"column":4},"end":{"line":32,"column":null}},"11":{"start":{"line":25,"column":8},"end":{"line":25,"column":null}},"12":{"start":{"line":26,"column":11},"end":{"line":32,"column":null}},"13":{"start":{"line":28,"column":8},"end":{"line":28,"column":null}},"14":{"start":{"line":31,"column":8},"end":{"line":31,"column":null}},"15":{"start":{"line":7,"column":0},"end":{"line":7,"column":22}}},"fnMap":{"0":{"name":"login","decl":{"start":{"line":7,"column":22},"end":{"line":7,"column":27}},"loc":{"start":{"line":7,"column":59},"end":{"line":33,"column":null}}}},"branchMap":{"0":{"loc":{"start":{"line":8,"column":4},"end":{"line":10,"column":null}},"type":"if","locations":[{"start":{"line":8,"column":4},"end":{"line":10,"column":null}}]},"1":{"loc":{"start":{"line":11,"column":4},"end":{"line":13,"column":null}},"type":"if","locations":[{"start":{"line":11,"column":4},"end":{"line":13,"column":null}}]},"2":{"loc":{"start":{"line":16,"column":4},"end":{"line":18,"column":null}},"type":"if","locations":[{"start":{"line":16,"column":4},"end":{"line":18,"column":null}}]},"3":{"loc":{"start":{"line":20,"column":4},"end":{"line":22,"column":null}},"type":"if","locations":[{"start":{"line":20,"column":4},"end":{"line":22,"column":null}}]},"4":{"loc":{"start":{"line":23,"column":4},"end":{"line":32,"column":null}},"type":"if","locations":[{"start":{"line":23,"column":4},"end":{"line":32,"column":null}},{"start":{"line":26,"column":11},"end":{"line":32,"column":null}}]},"5":{"loc":{"start":{"line":26,"column":11},"end":{"line":32,"column":null}},"type":"if","locations":[{"start":{"line":26,"column":11},"end":{"line":32,"column":null}},{"start":{"line":29,"column":11},"end":{"line":32,"column":null}}]}},"s":{"0":1,"1":7,"2":0,"3":7,"4":0,"5":7,"6":7,"7":1,"8":6,"9":1,"10":5,"11":1,"12":4,"13":3,"14":1,"15":1},"f":{"0":7},"b":{"0":[0],"1":[0],"2":[1],"3":[1],"4":[1,4],"5":[3,1]}}
,"D:\\Anders\\PDF\\Random Uni PDF und etc\\Projekt\\husky\\backend\\src\\endpoints\\login\\LoginRouter.ts": {"path":"D:\\Anders\\PDF\\Random Uni PDF und etc\\Projekt\\husky\\backend\\src\\endpoints\\login\\LoginRouter.ts","statementMap":{"0":{"start":{"line":1,"column":0},"end":{"line":1,"column":30}},"1":{"start":{"line":3,"column":0},"end":{"line":3,"column":67}},"2":{"start":{"line":7,"column":20},"end":{"line":7,"column":36}},"3":{"start":{"line":9,"column":0},"end":{"line":23,"column":null}},"4":{"start":{"line":9,"column":47},"end":{"line":23,"column":2}},"5":{"start":{"line":11,"column":4},"end":{"line":22,"column":null}},"6":{"start":{"line":12,"column":26},"end":{"line":12,"column":93}},"7":{"start":{"line":13,"column":8},"end":{"line":15,"column":null}},"8":{"start":{"line":14,"column":12},"end":{"line":14,"column":null}},"9":{"start":{"line":16,"column":26},"end":{"line":16,"column":76}},"10":{"start":{"line":17,"column":8},"end":{"line":17,"column":null}},"11":{"start":{"line":18,"column":8},"end":{"line":18,"column":null}},"12":{"start":{"line":20,"column":8},"end":{"line":20,"column":null}},"13":{"start":{"line":21,"column":8},"end":{"line":21,"column":null}},"14":{"start":{"line":25,"column":0},"end":{"line":25,"column":27}}},"fnMap":{"0":{"name":"(anonymous_8)","decl":{"start":{"line":9,"column":22},"end":{"line":9,"column":29}},"loc":{"start":{"line":9,"column":47},"end":{"line":23,"column":2}}},"1":{"name":"(anonymous_9)","decl":{"start":{"line":9,"column":47},"end":{"line":9,"column":null}},"loc":{"start":{"line":9,"column":47},"end":{"line":23,"column":1}}}},"branchMap":{"0":{"loc":{"start":{"line":13,"column":8},"end":{"line":15,"column":null}},"type":"if","locations":[{"start":{"line":13,"column":8},"end":{"line":15,"column":null}}]}},"s":{"0":0,"1":0,"2":0,"3":0,"4":0,"5":0,"6":0,"7":0,"8":0,"9":0,"10":0,"11":0,"12":0,"13":0,"14":0},"f":{"0":0,"1":0},"b":{"0":[0]}}
,"D:\\Anders\\PDF\\Random Uni PDF und etc\\Projekt\\husky\\backend\\src\\endpoints\\post\\PostModel.ts": {"path":"D:\\Anders\\PDF\\Random Uni PDF und etc\\Projekt\\husky\\backend\\src\\endpoints\\post\\PostModel.ts","statementMap":{"0":{"start":{"line":1,"column":0},"end":{"line":1,"column":47}},"1":{"start":{"line":15,"column":13},"end":{"line":20,"column":25}},"2":{"start":{"line":23,"column":13},"end":{"line":23,"column":53}}},"fnMap":{},"branchMap":{},"s":{"0":2,"1":2,"2":2},"f":{},"b":{}}
,"D:\\Anders\\PDF\\Random Uni PDF und etc\\Projekt\\husky\\backend\\src\\endpoints\\service\\JWTService.ts": {"path":"D:\\Anders\\PDF\\Random Uni PDF und etc\\Projekt\\husky\\backend\\src\\endpoints\\service\\JWTService.ts","statementMap":{"0":{"start":{"line":1,"column":0},"end":{"line":1,"column":56}},"1":{"start":{"line":3,"column":0},"end":{"line":3,"column":28}},"2":{"start":{"line":4,"column":0},"end":{"line":4,"column":64}},"3":{"start":{"line":5,"column":0},"end":{"line":5,"column":null}},"4":{"start":{"line":10,"column":19},"end":{"line":10,"column":41}},"5":{"start":{"line":11,"column":4},"end":{"line":13,"column":null}},"6":{"start":{"line":12,"column":8},"end":{"line":12,"column":42}},"7":{"start":{"line":14,"column":16},"end":{"line":14,"column":35}},"8":{"start":{"line":15,"column":4},"end":{"line":17,"column":null}},"9":{"start":{"line":16,"column":8},"end":{"line":16,"column":null}},"10":{"start":{"line":18,"column":20},"end":{"line":18,"column":48}},"11":{"start":{"line":19,"column":4},"end":{"line":21,"column":null}},"12":{"start":{"line":20,"column":8},"end":{"line":20,"column":null}},"13":{"start":{"line":22,"column":22},"end":{"line":22,"column":51}},"14":{"start":{"line":24,"column":32},"end":{"line":28,"column":null}},"15":{"start":{"line":29,"column":22},"end":{"line":29,"column":84}},"16":{"start":{"line":30,"column":4},"end":{"line":30,"column":21}},"17":{"start":{"line":9,"column":0},"end":{"line":9,"column":22}},"18":{"start":{"line":37,"column":19},"end":{"line":37,"column":41}},"19":{"start":{"line":38,"column":4},"end":{"line":40,"column":null}},"20":{"start":{"line":39,"column":8},"end":{"line":39,"column":42}},"21":{"start":{"line":41,"column":16},"end":{"line":41,"column":35}},"22":{"start":{"line":42,"column":4},"end":{"line":44,"column":null}},"23":{"start":{"line":43,"column":8},"end":{"line":43,"column":null}},"24":{"start":{"line":45,"column":4},"end":{"line":56,"column":null}},"25":{"start":{"line":46,"column":8},"end":{"line":46,"column":41}},"26":{"start":{"line":48,"column":8},"end":{"line":55,"column":null}},"27":{"start":{"line":49,"column":28},"end":{"line":49,"column":53}},"28":{"start":{"line":50,"column":12},"end":{"line":52,"column":null}},"29":{"start":{"line":51,"column":16},"end":{"line":51,"column":68}},"30":{"start":{"line":54,"column":12},"end":{"line":54,"column":null}},"31":{"start":{"line":57,"column":4},"end":{"line":57,"column":37}},"32":{"start":{"line":36,"column":0},"end":{"line":36,"column":16}}},"fnMap":{"0":{"name":"verifyPasswordAndCreateJWT","decl":{"start":{"line":9,"column":22},"end":{"line":9,"column":48}},"loc":{"start":{"line":9,"column":80},"end":{"line":31,"column":null}}},"1":{"name":"verifyJWT","decl":{"start":{"line":36,"column":16},"end":{"line":36,"column":25}},"loc":{"start":{"line":36,"column":55},"end":{"line":58,"column":1}}}},"branchMap":{"0":{"loc":{"start":{"line":11,"column":4},"end":{"line":13,"column":null}},"type":"if","locations":[{"start":{"line":11,"column":4},"end":{"line":13,"column":null}}]},"1":{"loc":{"start":{"line":15,"column":4},"end":{"line":17,"column":null}},"type":"if","locations":[{"start":{"line":15,"column":4},"end":{"line":17,"column":null}}]},"2":{"loc":{"start":{"line":19,"column":4},"end":{"line":21,"column":null}},"type":"if","locations":[{"start":{"line":19,"column":4},"end":{"line":21,"column":null}}]},"3":{"loc":{"start":{"line":38,"column":4},"end":{"line":40,"column":null}},"type":"if","locations":[{"start":{"line":38,"column":4},"end":{"line":40,"column":null}}]},"4":{"loc":{"start":{"line":42,"column":4},"end":{"line":44,"column":null}},"type":"if","locations":[{"start":{"line":42,"column":4},"end":{"line":44,"column":null}}]},"5":{"loc":{"start":{"line":45,"column":4},"end":{"line":56,"column":null}},"type":"if","locations":[{"start":{"line":45,"column":4},"end":{"line":56,"column":null}},{"start":{"line":47,"column":11},"end":{"line":56,"column":null}}]},"6":{"loc":{"start":{"line":50,"column":12},"end":{"line":52,"column":null}},"type":"if","locations":[{"start":{"line":50,"column":12},"end":{"line":52,"column":null}}]},"7":{"loc":{"start":{"line":50,"column":16},"end":{"line":50,"column":78}},"type":"binary-expr","locations":[{"start":{"line":50,"column":16},"end":{"line":50,"column":43}},{"start":{"line":50,"column":47},"end":{"line":50,"column":63}},{"start":{"line":50,"column":67},"end":{"line":50,"column":78}}]}},"s":{"0":1,"1":1,"2":1,"3":1,"4":9,"5":9,"6":1,"7":8,"8":8,"9":1,"10":7,"11":7,"12":2,"13":5,"14":5,"15":5,"16":5,"17":1,"18":5,"19":5,"20":1,"21":4,"22":4,"23":1,"24":3,"25":0,"26":3,"27":3,"28":3,"29":3,"30":0,"31":0,"32":1},"f":{"0":9,"1":5},"b":{"0":[1],"1":[1],"2":[2],"3":[1],"4":[1],"5":[0,3],"6":[3],"7":[3,3,3]}}
,"D:\\Anders\\PDF\\Random Uni PDF und etc\\Projekt\\husky\\backend\\src\\endpoints\\threadpage\\ThreadPageModel.ts": {"path":"D:\\Anders\\PDF\\Random Uni PDF und etc\\Projekt\\husky\\backend\\src\\endpoints\\threadpage\\ThreadPageModel.ts","statementMap":{"0":{"start":{"line":1,"column":0},"end":{"line":1,"column":61}},"1":{"start":{"line":20,"column":25},"end":{"line":28,"column":24}},"2":{"start":{"line":30,"column":13},"end":{"line":30,"column":null}}},"fnMap":{},"branchMap":{},"s":{"0":1,"1":1,"2":1},"f":{},"b":{}}
,"D:\\Anders\\PDF\\Random Uni PDF und etc\\Projekt\\husky\\backend\\src\\endpoints\\user\\UserModel.ts": {"path":"D:\\Anders\\PDF\\Random Uni PDF und etc\\Projekt\\husky\\backend\\src\\endpoints\\user\\UserModel.ts","statementMap":{"0":{"start":{"line":1,"column":0},"end":{"line":1,"column":55}},"1":{"start":{"line":3,"column":0},"end":{"line":3,"column":41}},"2":{"start":{"line":30,"column":19},"end":{"line":38,"column":24}},"3":{"start":{"line":49,"column":0},"end":{"line":55,"column":null}},"4":{"start":{"line":50,"column":4},"end":{"line":52,"column":null}},"5":{"start":{"line":51,"column":8},"end":{"line":51,"column":null}},"6":{"start":{"line":53,"column":19},"end":{"line":53,"column":66}},"7":{"start":{"line":54,"column":4},"end":{"line":54,"column":null}},"8":{"start":{"line":57,"column":0},"end":{"line":63,"column":null}},"9":{"start":{"line":58,"column":4},"end":{"line":61,"column":null}},"10":{"start":{"line":59,"column":31},"end":{"line":59,"column":60}},"11":{"start":{"line":60,"column":8},"end":{"line":60,"column":null}},"12":{"start":{"line":62,"column":4},"end":{"line":62,"column":null}},"13":{"start":{"line":65,"column":13},"end":{"line":65,"column":null}}},"fnMap":{"0":{"name":"(anonymous_7)","decl":{"start":{"line":49,"column":39},"end":{"line":49,"column":55}},"loc":{"start":{"line":49,"column":80},"end":{"line":55,"column":2}}},"1":{"name":"(anonymous_9)","decl":{"start":{"line":57,"column":23},"end":{"line":57,"column":39}},"loc":{"start":{"line":57,"column":43},"end":{"line":63,"column":2}}}},"branchMap":{"0":{"loc":{"start":{"line":50,"column":4},"end":{"line":52,"column":null}},"type":"if","locations":[{"start":{"line":50,"column":4},"end":{"line":52,"column":null}}]},"1":{"loc":{"start":{"line":58,"column":4},"end":{"line":61,"column":null}},"type":"if","locations":[{"start":{"line":58,"column":4},"end":{"line":61,"column":null}}]}},"s":{"0":4,"1":4,"2":4,"3":4,"4":8,"5":1,"6":7,"7":7,"8":4,"9":55,"10":50,"11":50,"12":55,"13":4},"f":{"0":8,"1":55},"b":{"0":[1],"1":[50]}}
}
