TN:
SF:src\index.ts
FNF:0
FNH:0
DA:1,0
DA:2,0
LF:2
LH:0
BRF:0
BRH:0
end_of_record
TN:
SF:src\endpoints\post\PostModel.ts
FNF:0
FNH:0
DA:1,2
DA:15,2
DA:23,2
LF:3
LH:3
BRF:0
BRH:0
end_of_record
TN:
SF:src\endpoints\threadpage\ThreadPageModel.ts
FNF:0
FNH:0
DA:1,1
DA:20,1
DA:30,1
LF:3
LH:3
BRF:0
BRH:0
end_of_record
TN:
SF:src\endpoints\user\UserModel.ts
FN:49,(anonymous_7)
FN:57,(anonymous_9)
FNF:2
FNH:2
FNDA:2,(anonymous_7)
FNDA:28,(anonymous_9)
DA:1,3
DA:3,3
DA:30,3
DA:49,3
DA:50,2
DA:51,1
DA:53,1
DA:54,1
DA:57,3
DA:58,28
DA:59,23
DA:60,23
DA:62,28
DA:65,3
LF:14
LH:14
BRDA:50,0,0,1
BRDA:58,1,0,23
BRF:2
BRH:2
end_of_record
