TN:
SF:src\index.ts
FNF:0
FNH:0
DA:1,0
DA:2,0
DA:4,0
DA:7,0
LF:4
LH:0
BRF:0
BRH:0
end_of_record
TN:
SF:src\database\database.ts
FN:18,connect
FN:30,(anonymous_8)
FN:32,(anonymous_10)
FN:32,(anonymous_11)
FN:43,disconnect
FNF:5
FNH:0
FNDA:0,connect
FNDA:0,(anonymous_8)
FNDA:0,(anonymous_10)
FNDA:0,(anonymous_11)
FNDA:0,disconnect
DA:1,0
DA:3,0
DA:7,0
DA:11,0
DA:18,0
DA:19,0
DA:20,0
DA:23,0
DA:24,0
DA:27,0
DA:30,0
DA:31,0
DA:32,0
DA:33,0
DA:34,0
DA:36,0
DA:43,0
DA:44,0
DA:45,0
LF:19
LH:0
BRDA:19,0,0,0
BRDA:33,1,0,0
BRDA:44,2,0,0
BRF:3
BRH:0
end_of_record
TN:
SF:src\database\databaseTest.ts
FN:9,(anonymous_7)
FN:9,(anonymous_8)
FN:14,(anonymous_9)
FN:14,(anonymous_10)
FN:18,(anonymous_11)
FN:19,(anonymous_12)
FN:19,(anonymous_13)
FN:37,(anonymous_14)
FN:38,(anonymous_15)
FN:38,(anonymous_16)
FNF:10
FNH:0
FNDA:0,(anonymous_7)
FNDA:0,(anonymous_8)
FNDA:0,(anonymous_9)
FNDA:0,(anonymous_10)
FNDA:0,(anonymous_11)
FNDA:0,(anonymous_12)
FNDA:0,(anonymous_13)
FNDA:0,(anonymous_14)
FNDA:0,(anonymous_15)
FNDA:0,(anonymous_16)
DA:1,0
DA:2,0
DA:4,0
DA:6,0
DA:9,0
DA:10,0
DA:14,0
DA:15,0
DA:18,0
DA:19,0
DA:20,0
DA:25,0
DA:32,0
DA:33,0
DA:37,0
DA:38,0
DA:39,0
DA:44,0
DA:55,0
LF:19
LH:0
BRF:0
BRH:0
end_of_record
TN:
SF:src\endpoints\post\PostModel.ts
FNF:0
FNH:0
DA:1,2
DA:15,2
DA:23,2
LF:3
LH:3
BRF:0
BRH:0
end_of_record
TN:
SF:src\endpoints\threadpage\ThreadPageModel.ts
FNF:0
FNH:0
DA:1,1
DA:20,1
DA:30,1
LF:3
LH:3
BRF:0
BRH:0
end_of_record
TN:
SF:src\endpoints\user\UserModel.ts
FN:49,(anonymous_7)
FN:57,(anonymous_9)
FNF:2
FNH:2
FNDA:2,(anonymous_7)
FNDA:28,(anonymous_9)
DA:1,3
DA:3,3
DA:30,3
DA:49,3
DA:50,2
DA:51,1
DA:53,1
DA:54,1
DA:57,3
DA:58,28
DA:59,23
DA:60,23
DA:62,28
DA:65,3
LF:14
LH:14
BRDA:50,0,0,1
BRDA:58,1,0,23
BRF:2
BRH:2
end_of_record
